<?xml version="1.0" encoding="UTF-8" ?>
<testsuite errors="1" failures="0" hostname="mahesh-VivoBook-ASUSLaptop-K3502ZA-K3502ZA" name="src.Main_classTest" skipped="0" tests="1" time="0.022" timestamp="2023-12-31T22:49:50">
  <properties>
[...]
</properties>
  <testcase classname="src.Main_classTest" name="initializationError" time="0.002">
    <error message="Invalid test class &apos;src.Main_classTest&apos;:&#xa;  1. The class src.Main_classTest is not public.&#xa;  2. Test class should have exactly one public constructor&#xa;  3. No runnable methods" type="org.junit.runners.model.InvalidTestClassError">org.junit.runners.model.InvalidTestClassError: Invalid test class &apos;src.Main_classTest&apos;:
  1. The class src.Main_classTest is not public.
  2. Test class should have exactly one public constructor
  3. No runnable methods
	at java.base/jdk.internal.reflect.NativeConstructorAccessorImpl.newInstance0(Native Method)
	at java.base/jdk.internal.reflect.NativeConstructorAccessorImpl.newInstance(NativeConstructorAccessorImpl.java:77)
	at java.base/jdk.internal.reflect.DelegatingConstructorAccessorImpl.newInstance(DelegatingConstructorAccessorImpl.java:45)
	at java.base/java.lang.reflect.Constructor.newInstanceWithCaller(Constructor.java:499)
	at java.base/java.lang.reflect.Constructor.newInstance(Constructor.java:480)
</error>
  </testcase>
  <system-out><![CDATA[]]></system-out>
  <system-err><![CDATA[]]></system-err>
</testsuite>
